# JRE version: Java(TM) SE Runtime Environment (25.0+37) (build 25+37-LTS-3491)
# Java VM: Java HotSpot(TM) 64-Bit Server VM (25+37-LTS-3491, mixed mode, sharing, tiered, compressed oops, compressed class ptrs, parallel gc, windows-amd64)
GC Precious Log:
 CardTable entry size: 512
 CPUs: 12 total, 12 available
 Memory: 16255M
 Large Page Support: Disabled
 NUMA Support: Disabled
 Compressed Oops: Enabled (32-bit)
 Alignments: Space 512K, Generation 512K, Heap 2M
 Heap Min Capacity: 100M
 Heap Initial Capacity: 100M
 Heap Max Capacity: 2G
 Pre-touch: Disabled
 Parallel Workers: 10
Heap:
 PSYoungGen      total 52736K, used 16978K [0x00000000d5580000, 0x00000000d8b00000, 0x0000000100000000)
  eden space 51712K, 31% used [0x00000000d5580000,0x00000000d658ecd8,0x00000000d8800000)
  from space 1024K, 52% used [0x00000000d8a00000,0x00000000d8a85cb8,0x00000000d8b00000)
  to   space 1536K, 0% used [0x00000000d8800000,0x00000000d8800000,0x00000000d8980000)
 ParOldGen       total 670208K, used 669946K [0x0000000080000000, 0x00000000a8e80000, 0x00000000d5580000)
  object space 670208K, 99% used [0x0000000080000000,0x00000000a8e3e978,0x00000000a8e80000)
GC Heap Usage History (20 events):
Event: 59.873 {heap Before GC invocations=202 (full 3):
 PSYoungGen      total 27648K, used 22977K [0x00000000d5580000, 0x00000000d7680000, 0x0000000100000000)
  eden space 18432K, 99% used [0x00000000d5580000,0x00000000d677fa90,0x00000000d6780000)
  from space 9216K, 49% used [0x00000000d6d80000,0x00000000d71f0a48,0x00000000d7680000)
  to   space 6144K, 0% used [0x00000000d6780000,0x00000000d6780000,0x00000000d6d80000)
 ParOldGen       total 624640K, used 624435K [0x0000000080000000, 0x00000000a6200000, 0x00000000d5580Event: 59.878 {heap After GC invocations=202 (full 3):
 PSYoungGen      total 24576K, used 6114K [0x00000000d5580000, 0x00000000d7e80000, 0x0000000100000000)
  eden space 18432K, 0% used [0x00000000d5580000,0x00000000d5580000,0x00000000d6780000)
  from space 6144K, 99% used [0x00000000d6780000,0x00000000d6d78ab8,0x00000000d6d80000)
  to   space 11776K, 0% used [0x00000000d7300000,0x00000000d7300000,0x00000000d7e80000)
 ParOldGen       total 629248K, used 628816K [0x0000000080000000, 0x00000000a6680000, 0x00000000d558000Event: 123.618 {heap Before GC invocations=203 (full 3):
 PSYoungGen      total 24576K, used 24546K [0x00000000d5580000, 0x00000000d7e80000, 0x0000000100000000)
  eden space 18432K, 100% used [0x00000000d5580000,0x00000000d6780000,0x00000000d6780000)
  from space 6144K, 99% used [0x00000000d6780000,0x00000000d6d78ab8,0x00000000d6d80000)
  to   space 11776K, 0% used [0x00000000d7300000,0x00000000d7300000,0x00000000d7e80000)
 ParOldGen       total 629248K, used 628816K [0x0000000080000000, 0x00000000a6680000, 0x00000000d55Event: 123.623 {heap After GC invocations=203 (full 3):
 PSYoungGen      total 26112K, used 5482K [0x00000000d5580000, 0x00000000d7880000, 0x0000000100000000)
  eden space 20480K, 0% used [0x00000000d5580000,0x00000000d5580000,0x00000000d6980000)
  from space 5632K, 97% used [0x00000000d7300000,0x00000000d785a820,0x00000000d7880000)
  to   space 7680K, 0% used [0x00000000d6980000,0x00000000d6980000,0x00000000d7100000)
 ParOldGen       total 630784K, used 630710K [0x0000000080000000, 0x00000000a6800000, 0x00000000d5580000Event: 124.263 {heap Before GC invocations=204 (full 3):
 PSYoungGen      total 26112K, used 25962K [0x00000000d5580000, 0x00000000d7880000, 0x0000000100000000)
  eden space 20480K, 100% used [0x00000000d5580000,0x00000000d6980000,0x00000000d6980000)
  from space 5632K, 97% used [0x00000000d7300000,0x00000000d785a820,0x00000000d7880000)
  to   space 7680K, 0% used [0x00000000d6980000,0x00000000d6980000,0x00000000d7100000)
 ParOldGen       total 630784K, used 630710K [0x0000000080000000, 0x00000000a6800000, 0x00000000d558Event: 124.266 {heap After GC invocations=204 (full 3):
 PSYoungGen      total 28160K, used 816K [0x00000000d5580000, 0x00000000d7680000, 0x0000000100000000)
  eden space 20480K, 0% used [0x00000000d5580000,0x00000000d5580000,0x00000000d6980000)
  from space 7680K, 10% used [0x00000000d6980000,0x00000000d6a4c050,0x00000000d7100000)
  to   space 3072K, 0% used [0x00000000d7380000,0x00000000d7380000,0x00000000d7680000)
 ParOldGen       total 631296K, used 631102K [0x0000000080000000, 0x00000000a6880000, 0x00000000d5580000)Event: 131.567 {heap Before GC invocations=205 (full 3):
 PSYoungGen      total 28160K, used 21296K [0x00000000d5580000, 0x00000000d7680000, 0x0000000100000000)
  eden space 20480K, 100% used [0x00000000d5580000,0x00000000d6980000,0x00000000d6980000)
  from space 7680K, 10% used [0x00000000d6980000,0x00000000d6a4c050,0x00000000d7100000)
  to   space 3072K, 0% used [0x00000000d7380000,0x00000000d7380000,0x00000000d7680000)
 ParOldGen       total 631296K, used 631102K [0x0000000080000000, 0x00000000a6880000, 0x00000000d558Event: 131.569 {heap After GC invocations=205 (full 3):
 PSYoungGen      total 32768K, used 416K [0x00000000d5580000, 0x00000000d7680000, 0x0000000100000000)
  eden space 29696K, 0% used [0x00000000d5580000,0x00000000d5580000,0x00000000d7280000)
  from space 3072K, 13% used [0x00000000d7380000,0x00000000d73e8020,0x00000000d7680000)
  to   space 1024K, 0% used [0x00000000d7280000,0x00000000d7280000,0x00000000d7380000)
 ParOldGen       total 631808K, used 631583K [0x0000000080000000, 0x00000000a6900000, 0x00000000d5580000)Event: 131.909 {heap Before GC invocations=206 (full 3):
 PSYoungGen      total 32768K, used 30112K [0x00000000d5580000, 0x00000000d7680000, 0x0000000100000000)
  eden space 29696K, 100% used [0x00000000d5580000,0x00000000d7280000,0x00000000d7280000)
  from space 3072K, 13% used [0x00000000d7380000,0x00000000d73e8020,0x00000000d7680000)
  to   space 1024K, 0% used [0x00000000d7280000,0x00000000d7280000,0x00000000d7380000)
 ParOldGen       total 631808K, used 631583K [0x0000000080000000, 0x00000000a6900000, 0x00000000d558Event: 131.919 {heap After GC invocations=206 (full 3):
 PSYoungGen      total 30208K, used 1008K [0x00000000d5580000, 0x00000000d9c00000, 0x0000000100000000)
  eden space 29184K, 0% used [0x00000000d5580000,0x00000000d5580000,0x00000000d7200000)
  from space 1024K, 98% used [0x00000000d7280000,0x00000000d737c1c8,0x00000000d7380000)
  to   space 21504K, 0% used [0x00000000d8700000,0x00000000d8700000,0x00000000d9c00000)
 ParOldGen       total 649216K, used 648859K [0x0000000080000000, 0x00000000a7a00000, 0x00000000d558000Event: 132.173 {heap Before GC invocations=207 (full 3):
 PSYoungGen      total 30208K, used 30192K [0x00000000d5580000, 0x00000000d9c00000, 0x0000000100000000)
  eden space 29184K, 100% used [0x00000000d5580000,0x00000000d7200000,0x00000000d7200000)
  from space 1024K, 98% used [0x00000000d7280000,0x00000000d737c1c8,0x00000000d7380000)
  to   space 21504K, 0% used [0x00000000d8700000,0x00000000d8700000,0x00000000d9c00000)
 ParOldGen       total 649216K, used 648859K [0x0000000080000000, 0x00000000a7a00000, 0x00000000d55Event: 132.180 {heap After GC invocations=207 (full 3):
 PSYoungGen      total 36864K, used 7736K [0x00000000d5580000, 0x00000000d8f00000, 0x0000000100000000)
  eden space 28672K, 0% used [0x00000000d5580000,0x00000000d5580000,0x00000000d7180000)
  from space 8192K, 94% used [0x00000000d8700000,0x00000000d8e8e000,0x00000000d8f00000)
  to   space 11776K, 0% used [0x00000000d7800000,0x00000000d7800000,0x00000000d8380000)
 ParOldGen       total 650240K, used 649877K [0x0000000080000000, 0x00000000a7b00000, 0x00000000d558000Event: 132.471 {heap Before GC invocations=208 (full 3):
 PSYoungGen      total 36864K, used 36408K [0x00000000d5580000, 0x00000000d8f00000, 0x0000000100000000)
  eden space 28672K, 100% used [0x00000000d5580000,0x00000000d7180000,0x00000000d7180000)
  from space 8192K, 94% used [0x00000000d8700000,0x00000000d8e8e000,0x00000000d8f00000)
  to   space 11776K, 0% used [0x00000000d7800000,0x00000000d7800000,0x00000000d8380000)
 ParOldGen       total 650240K, used 649877K [0x0000000080000000, 0x00000000a7b00000, 0x00000000d55Event: 132.486 {heap After GC invocations=208 (full 3):
 PSYoungGen      total 39936K, used 11765K [0x00000000d5580000, 0x00000000da900000, 0x0000000100000000)
  eden space 28160K, 0% used [0x00000000d5580000,0x00000000d5580000,0x00000000d7100000)
  from space 11776K, 99% used [0x00000000d7800000,0x00000000d837d420,0x00000000d8380000)
  to   space 28672K, 0% used [0x00000000d8d00000,0x00000000d8d00000,0x00000000da900000)
 ParOldGen       total 663552K, used 663480K [0x0000000080000000, 0x00000000a8800000, 0x00000000d5580Event: 574.310 {heap Before GC invocations=209 (full 3):
 PSYoungGen      total 39936K, used 39914K [0x00000000d5580000, 0x00000000da900000, 0x0000000100000000)
  eden space 28160K, 99% used [0x00000000d5580000,0x00000000d70fd7a8,0x00000000d7100000)
  from space 11776K, 99% used [0x00000000d7800000,0x00000000d837d420,0x00000000d8380000)
  to   space 28672K, 0% used [0x00000000d8d00000,0x00000000d8d00000,0x00000000da900000)
 ParOldGen       total 663552K, used 663480K [0x0000000080000000, 0x00000000a8800000, 0x00000000d55Event: 574.490 {heap After GC invocations=209 (full 3):
 PSYoungGen      total 28672K, used 656K [0x00000000d5580000, 0x00000000d8e00000, 0x0000000100000000)
  eden space 27648K, 0% used [0x00000000d5580000,0x00000000d5580000,0x00000000d7080000)
  from space 1024K, 64% used [0x00000000d8d00000,0x00000000d8da4030,0x00000000d8e00000)
  to   space 9728K, 0% used [0x00000000d7b00000,0x00000000d7b00000,0x00000000d8480000)
 ParOldGen       total 669696K, used 669323K [0x0000000080000000, 0x00000000a8e00000, 0x00000000d5580000)Event: 575.707 {heap Before GC invocations=210 (full 3):
 PSYoungGen      total 28672K, used 28304K [0x00000000d5580000, 0x00000000d8e00000, 0x0000000100000000)
  eden space 27648K, 100% used [0x00000000d5580000,0x00000000d7080000,0x00000000d7080000)
  from space 1024K, 64% used [0x00000000d8d00000,0x00000000d8da4030,0x00000000d8e00000)
  to   space 9728K, 0% used [0x00000000d7b00000,0x00000000d7b00000,0x00000000d8480000)
 ParOldGen       total 669696K, used 669323K [0x0000000080000000, 0x00000000a8e00000, 0x00000000d558Event: 575.711 {heap After GC invocations=210 (full 3):
 PSYoungGen      total 36864K, used 2770K [0x00000000d5580000, 0x00000000d8d80000, 0x0000000100000000)
  eden space 27136K, 0% used [0x00000000d5580000,0x00000000d5580000,0x00000000d7000000)
  from space 9728K, 28% used [0x00000000d7b00000,0x00000000d7db4830,0x00000000d8480000)
  to   space 3584K, 0% used [0x00000000d8a00000,0x00000000d8a00000,0x00000000d8d80000)
 ParOldGen       total 670208K, used 669826K [0x0000000080000000, 0x00000000a8e80000, 0x00000000d5580000Event: 577.181 {heap Before GC invocations=211 (full 3):
 PSYoungGen      total 36864K, used 29906K [0x00000000d5580000, 0x00000000d8d80000, 0x0000000100000000)
  eden space 27136K, 100% used [0x00000000d5580000,0x00000000d7000000,0x00000000d7000000)
  from space 9728K, 28% used [0x00000000d7b00000,0x00000000d7db4830,0x00000000d8480000)
  to   space 3584K, 0% used [0x00000000d8a00000,0x00000000d8a00000,0x00000000d8d80000)
 ParOldGen       total 670208K, used 669826K [0x0000000080000000, 0x00000000a8e80000, 0x00000000d558Event: 577.186 {heap After GC invocations=211 (full 3):
 PSYoungGen      total 52736K, used 535K [0x00000000d5580000, 0x00000000d8b00000, 0x0000000100000000)
  eden space 51712K, 0% used [0x00000000d5580000,0x00000000d5580000,0x00000000d8800000)
  from space 1024K, 52% used [0x00000000d8a00000,0x00000000d8a85cb8,0x00000000d8b00000)
  to   space 1536K, 0% used [0x00000000d8800000,0x00000000d8800000,0x00000000d8980000)
 ParOldGen       total 670208K, used 669946K [0x0000000080000000, 0x00000000a8e80000, 0x00000000d5580000)
Metaspace Usage History (20 events):
Event: 59.873 {metaspace Before GC invocations=202 (full 3):
 Metaspace       used 73082K, committed 74432K, reserved 1179648K
  class space    used 6433K, committed 7040K, reserved 1048576K
}
Event: 59.878 {metaspace After GC invocations=202 (full 3):
 Metaspace       used 73082K, committed 74432K, reserved 1179648K
  class space    used 6433K, committed 7040K, reserved 1048576K
}
Event: 123.618 {metaspace Before GC invocations=203 (full 3):
 Metaspace       used 73330K, committed 74624K, reserved 1179648K
  class space    used 6454K, committed 7040K, reserved 1048576K
}
Event: 123.623 {metaspace After GC invocations=203 (full 3):
 Metaspace       used 73330K, committed 74624K, reserved 1179648K
  class space    used 6454K, committed 7040K, reserved 1048576K
}
Event: 124.263 {metaspace Before GC invocations=204 (full 3):
 Metaspace       used 73868K, committed 75264K, reserved 1179648K
  class space    used 6508K, committed 7104K, reserved 1048576K
}
Event: 124.266 {metaspace After GC invocations=204 (full 3):
 Metaspace       used 73868K, committed 75264K, reserved 1179648K
  class space    used 6508K, committed 7104K, reserved 1048576K
}
Event: 131.567 {metaspace Before GC invocations=205 (full 3):
 Metaspace       used 74109K, committed 75520K, reserved 1179648K
  class space    used 6532K, committed 7168K, reserved 1048576K
}
Event: 131.569 {metaspace After GC invocations=205 (full 3):
 Metaspace       used 74109K, committed 75520K, reserved 1179648K
  class space    used 6532K, committed 7168K, reserved 1048576K
}
Event: 131.909 {metaspace Before GC invocations=206 (full 3):
 Metaspace       used 74159K, committed 75584K, reserved 1179648K
  class space    used 6534K, committed 7168K, reserved 1048576K
}
Event: 131.919 {metaspace After GC invocations=206 (full 3):
 Metaspace       used 74159K, committed 75584K, reserved 1179648K
  class space    used 6534K, committed 7168K, reserved 1048576K
}
Event: 132.173 {metaspace Before GC invocations=207 (full 3):
 Metaspace       used 74291K, committed 75712K, reserved 1179648K
  class space    used 6542K, committed 7168K, reserved 1048576K
}
Event: 132.180 {metaspace After GC invocations=207 (full 3):
 Metaspace       used 74291K, committed 75712K, reserved 1179648K
  class space    used 6542K, committed 7168K, reserved 1048576K
}
Event: 132.471 {metaspace Before GC invocations=208 (full 3):
 Metaspace       used 74679K, committed 76160K, reserved 1179648K
  class space    used 6542K, committed 7168K, reserved 1048576K
}
Event: 132.486 {metaspace After GC invocations=208 (full 3):
 Metaspace       used 74679K, committed 76160K, reserved 1179648K
  class space    used 6542K, committed 7168K, reserved 1048576K
}
Event: 574.310 {metaspace Before GC invocations=209 (full 3):
 Metaspace       used 74813K, committed 76288K, reserved 1179648K
  class space    used 6555K, committed 7232K, reserved 1048576K
}
Event: 574.490 {metaspace After GC invocations=209 (full 3):
 Metaspace       used 74813K, committed 76288K, reserved 1179648K
  class space    used 6555K, committed 7232K, reserved 1048576K
}
Event: 575.707 {metaspace Before GC invocations=210 (full 3):
 Metaspace       used 74991K, committed 76416K, reserved 1179648K
  class space    used 6575K, committed 7232K, reserved 1048576K
}
Event: 575.711 {metaspace After GC invocations=210 (full 3):
 Metaspace       used 74991K, committed 76416K, reserved 1179648K
  class space    used 6575K, committed 7232K, reserved 1048576K
}
Event: 577.181 {metaspace Before GC invocations=211 (full 3):
 Metaspace       used 75658K, committed 77440K, reserved 1179648K
  class space    used 6689K, committed 7488K, reserved 1048576K
}
Event: 577.186 {metaspace After GC invocations=211 (full 3):
 Metaspace       used 75658K, committed 77440K, reserved 1179648K
  class space    used 6689K, committed 7488K, reserved 1048576K
}

